  iscom.cpp
  MessageHandler.cpp
C:\dev\iscom\iscom\iscom\MessageHandler.cpp(4,1): error C2556: "Message MessageHandler::getMessageByDate(Date,Date)": przeciążona funkcja różni się tylko typem zwracanym od "std::string MessageHandler::getMessageByDate(Date,Date)"
C:\dev\iscom\iscom\iscom\MessageHandler.h(10): message : zobacz deklarację „MessageHandler::getMessageByDate”
C:\dev\iscom\iscom\iscom\MessageHandler.cpp(3,25): error C2371: "MessageHandler::getMessageByDate": zmiana definicji; różne typy podstawowe
C:\dev\iscom\iscom\iscom\MessageHandler.h(10): message : zobacz deklarację „MessageHandler::getMessageByDate”
C:\dev\iscom\iscom\iscom\MessageHandler.cpp(9,1): error C2556: "long MessageHandler::addMessage(std::string,std::string)": przeciążona funkcja różni się tylko typem zwracanym od "std::string MessageHandler::addMessage(std::string,std::string)"
C:\dev\iscom\iscom\iscom\MessageHandler.h(11): message : zobacz deklarację „MessageHandler::addMessage”
C:\dev\iscom\iscom\iscom\MessageHandler.cpp(8,22): error C2371: "MessageHandler::addMessage": zmiana definicji; różne typy podstawowe
C:\dev\iscom\iscom\iscom\MessageHandler.h(11): message : zobacz deklarację „MessageHandler::addMessage”
C:\dev\iscom\iscom\iscom\MessageHandler.cpp(14,1): error C2556: "bool MessageHandler::removeMessage(std::string)": przeciążona funkcja różni się tylko typem zwracanym od "std::string MessageHandler::removeMessage(std::string)"
C:\dev\iscom\iscom\iscom\MessageHandler.h(12): message : zobacz deklarację „MessageHandler::removeMessage”
C:\dev\iscom\iscom\iscom\MessageHandler.cpp(13,22): error C2371: "MessageHandler::removeMessage": zmiana definicji; różne typy podstawowe
C:\dev\iscom\iscom\iscom\MessageHandler.h(12): message : zobacz deklarację „MessageHandler::removeMessage”
  Test.cpp
C:\dev\iscom\iscom\iscom\Test.cpp(23,13): error C2352: „Admin::removeMod”: Niedozwolone wywołanie niestatycznej funkcji składowej
C:\dev\iscom\iscom\iscom\Admin.h(10): message : zobacz deklarację „Admin::removeMod”
C:\dev\iscom\iscom\iscom\Test.cpp(24,14): error C2440: "return": nie można konwertować z "bool" na "std::basic_string<char,std::char_traits<char>,std::allocator<char>>"
C:\dev\iscom\iscom\iscom\Test.cpp(24,14): message : Żaden konstruktor nie mógł przyjąć typu źródłowego lub rozpoznanie przeciążenia konstruktora było niejednoznaczne
C:\dev\iscom\iscom\iscom\Test.cpp(38,22): error C2352: „MessageHandler::getMessageByDate”: Niedozwolone wywołanie niestatycznej funkcji składowej
C:\dev\iscom\iscom\iscom\MessageHandler.h(10): message : zobacz deklarację „MessageHandler::getMessageByDate”
C:\dev\iscom\iscom\iscom\Test.cpp(39,14): error C2440: "return": nie można konwertować z "bool" na "std::basic_string<char,std::char_traits<char>,std::allocator<char>>"
C:\dev\iscom\iscom\iscom\Test.cpp(39,14): message : Żaden konstruktor nie mógł przyjąć typu źródłowego lub rozpoznanie przeciążenia konstruktora było niejednoznaczne
C:\dev\iscom\iscom\iscom\Test.cpp(42,15): error C2440: "return": nie można konwertować z "bool" na "std::basic_string<char,std::char_traits<char>,std::allocator<char>>"
C:\dev\iscom\iscom\iscom\Test.cpp(42,15): message : Żaden konstruktor nie mógł przyjąć typu źródłowego lub rozpoznanie przeciążenia konstruktora było niejednoznaczne
C:\dev\iscom\iscom\iscom\Test.cpp(50,22): error C2352: „MessageHandler::addMessage”: Niedozwolone wywołanie niestatycznej funkcji składowej
C:\dev\iscom\iscom\iscom\MessageHandler.h(11): message : zobacz deklarację „MessageHandler::addMessage”
C:\dev\iscom\iscom\iscom\Test.cpp(51,14): error C2440: "return": nie można konwertować z "bool" na "std::basic_string<char,std::char_traits<char>,std::allocator<char>>"
C:\dev\iscom\iscom\iscom\Test.cpp(51,14): message : Żaden konstruktor nie mógł przyjąć typu źródłowego lub rozpoznanie przeciążenia konstruktora było niejednoznaczne
C:\dev\iscom\iscom\iscom\Test.cpp(60,29): error C2440: "inicjowanie": nie można konwertować z "bool" na "std::basic_string<char,std::char_traits<char>,std::allocator<char>>"
C:\dev\iscom\iscom\iscom\Test.cpp(60,29): message : Żaden konstruktor nie mógł przyjąć typu źródłowego lub rozpoznanie przeciążenia konstruktora było niejednoznaczne
C:\dev\iscom\iscom\iscom\Test.cpp(61,22): error C2039: „Message”: Nie jest składową „MessageHandler”
C:\dev\iscom\iscom\iscom\MessageHandler.h(7): message : zobacz deklarację „MessageHandler”
C:\dev\iscom\iscom\iscom\Test.cpp(61,46): error C2440: "<function-style-cast>": nie można konwertować z "std::string" na "Message"
C:\dev\iscom\iscom\iscom\Test.cpp(61,46): message : Żaden konstruktor nie mógł przyjąć typu źródłowego lub rozpoznanie przeciążenia konstruktora było niejednoznaczne
C:\dev\iscom\iscom\iscom\Test.cpp(62,14): error C2440: "return": nie można konwertować z "bool" na "std::basic_string<char,std::char_traits<char>,std::allocator<char>>"
C:\dev\iscom\iscom\iscom\Test.cpp(62,14): message : Żaden konstruktor nie mógł przyjąć typu źródłowego lub rozpoznanie przeciążenia konstruktora było niejednoznaczne
C:\dev\iscom\iscom\iscom\Test.cpp(65,15): error C2440: "return": nie można konwertować z "bool" na "std::basic_string<char,std::char_traits<char>,std::allocator<char>>"
C:\dev\iscom\iscom\iscom\Test.cpp(65,15): message : Żaden konstruktor nie mógł przyjąć typu źródłowego lub rozpoznanie przeciążenia konstruktora było niejednoznaczne
C:\dev\iscom\iscom\iscom\Test.cpp(76,11): error C2352: „Mod::changeGroupName”: Niedozwolone wywołanie niestatycznej funkcji składowej
C:\dev\iscom\iscom\iscom\Mod.h(8): message : zobacz deklarację „Mod::changeGroupName”
C:\dev\iscom\iscom\iscom\Test.cpp(77,14): error C2440: "return": nie można konwertować z "bool" na "std::basic_string<char,std::char_traits<char>,std::allocator<char>>"
C:\dev\iscom\iscom\iscom\Test.cpp(77,14): message : Żaden konstruktor nie mógł przyjąć typu źródłowego lub rozpoznanie przeciążenia konstruktora było niejednoznaczne
C:\dev\iscom\iscom\iscom\Test.cpp(80,15): error C2440: "return": nie można konwertować z "bool" na "std::basic_string<char,std::char_traits<char>,std::allocator<char>>"
C:\dev\iscom\iscom\iscom\Test.cpp(80,15): message : Żaden konstruktor nie mógł przyjąć typu źródłowego lub rozpoznanie przeciążenia konstruktora było niejednoznaczne
C:\dev\iscom\iscom\iscom\Test.cpp(88,11): error C2352: „Mod::addUser”: Niedozwolone wywołanie niestatycznej funkcji składowej
C:\dev\iscom\iscom\iscom\Mod.h(9): message : zobacz deklarację „Mod::addUser”
C:\dev\iscom\iscom\iscom\Test.cpp(89,14): error C2440: "return": nie można konwertować z "bool" na "std::basic_string<char,std::char_traits<char>,std::allocator<char>>"
C:\dev\iscom\iscom\iscom\Test.cpp(89,14): message : Żaden konstruktor nie mógł przyjąć typu źródłowego lub rozpoznanie przeciążenia konstruktora było niejednoznaczne
C:\dev\iscom\iscom\iscom\Test.cpp(92,15): error C2440: "return": nie można konwertować z "bool" na "std::basic_string<char,std::char_traits<char>,std::allocator<char>>"
C:\dev\iscom\iscom\iscom\Test.cpp(92,15): message : Żaden konstruktor nie mógł przyjąć typu źródłowego lub rozpoznanie przeciążenia konstruktora było niejednoznaczne
C:\dev\iscom\iscom\iscom\Test.cpp(100,11): error C2352: „Mod::removeUser”: Niedozwolone wywołanie niestatycznej funkcji składowej
C:\dev\iscom\iscom\iscom\Mod.h(10): message : zobacz deklarację „Mod::removeUser”
C:\dev\iscom\iscom\iscom\Test.cpp(101,14): error C2440: "return": nie można konwertować z "bool" na "std::basic_string<char,std::char_traits<char>,std::allocator<char>>"
C:\dev\iscom\iscom\iscom\Test.cpp(101,14): message : Żaden konstruktor nie mógł przyjąć typu źródłowego lub rozpoznanie przeciążenia konstruktora było niejednoznaczne
C:\dev\iscom\iscom\iscom\Test.cpp(104,15): error C2440: "return": nie można konwertować z "bool" na "std::basic_string<char,std::char_traits<char>,std::allocator<char>>"
C:\dev\iscom\iscom\iscom\Test.cpp(104,15): message : Żaden konstruktor nie mógł przyjąć typu źródłowego lub rozpoznanie przeciążenia konstruktora było niejednoznaczne
C:\dev\iscom\iscom\iscom\Test.cpp(113,12): error C2352: „User::createGroup”: Niedozwolone wywołanie niestatycznej funkcji składowej
C:\dev\iscom\iscom\iscom\User.h(12): message : zobacz deklarację „User::createGroup”
C:\dev\iscom\iscom\iscom\Test.cpp(114,14): error C2440: "return": nie można konwertować z "bool" na "std::basic_string<char,std::char_traits<char>,std::allocator<char>>"
C:\dev\iscom\iscom\iscom\Test.cpp(114,14): message : Żaden konstruktor nie mógł przyjąć typu źródłowego lub rozpoznanie przeciążenia konstruktora było niejednoznaczne
C:\dev\iscom\iscom\iscom\Test.cpp(117,15): error C2440: "return": nie można konwertować z "bool" na "std::basic_string<char,std::char_traits<char>,std::allocator<char>>"
C:\dev\iscom\iscom\iscom\Test.cpp(117,15): message : Żaden konstruktor nie mógł przyjąć typu źródłowego lub rozpoznanie przeciążenia konstruktora było niejednoznaczne
C:\dev\iscom\iscom\iscom\Test.cpp(124,12): error C2352: „User::addFriend”: Niedozwolone wywołanie niestatycznej funkcji składowej
C:\dev\iscom\iscom\iscom\User.h(13): message : zobacz deklarację „User::addFriend”
C:\dev\iscom\iscom\iscom\Test.cpp(125,14): error C2440: "return": nie można konwertować z "bool" na "std::basic_string<char,std::char_traits<char>,std::allocator<char>>"
C:\dev\iscom\iscom\iscom\Test.cpp(125,14): message : Żaden konstruktor nie mógł przyjąć typu źródłowego lub rozpoznanie przeciążenia konstruktora było niejednoznaczne
C:\dev\iscom\iscom\iscom\Test.cpp(128,15): error C2440: "return": nie można konwertować z "bool" na "std::basic_string<char,std::char_traits<char>,std::allocator<char>>"
C:\dev\iscom\iscom\iscom\Test.cpp(128,15): message : Żaden konstruktor nie mógł przyjąć typu źródłowego lub rozpoznanie przeciążenia konstruktora było niejednoznaczne
C:\dev\iscom\iscom\iscom\Test.cpp(135,12): error C2352: „User::removeFriend”: Niedozwolone wywołanie niestatycznej funkcji składowej
C:\dev\iscom\iscom\iscom\User.h(14): message : zobacz deklarację „User::removeFriend”
C:\dev\iscom\iscom\iscom\Test.cpp(136,14): error C2440: "return": nie można konwertować z "bool" na "std::basic_string<char,std::char_traits<char>,std::allocator<char>>"
C:\dev\iscom\iscom\iscom\Test.cpp(136,14): message : Żaden konstruktor nie mógł przyjąć typu źródłowego lub rozpoznanie przeciążenia konstruktora było niejednoznaczne
C:\dev\iscom\iscom\iscom\Test.cpp(139,15): error C2440: "return": nie można konwertować z "bool" na "std::basic_string<char,std::char_traits<char>,std::allocator<char>>"
C:\dev\iscom\iscom\iscom\Test.cpp(139,15): message : Żaden konstruktor nie mógł przyjąć typu źródłowego lub rozpoznanie przeciążenia konstruktora było niejednoznaczne
C:\dev\iscom\iscom\iscom\Test.cpp(145,29): error C2440: "inicjowanie": nie można konwertować z "bool" na "std::basic_string<char,std::char_traits<char>,std::allocator<char>>"
C:\dev\iscom\iscom\iscom\Test.cpp(145,29): message : Żaden konstruktor nie mógł przyjąć typu źródłowego lub rozpoznanie przeciążenia konstruktora było niejednoznaczne
C:\dev\iscom\iscom\iscom\Test.cpp(146,12): error C2352: „User::actualiseDescription”: Niedozwolone wywołanie niestatycznej funkcji składowej
C:\dev\iscom\iscom\iscom\User.h(15): message : zobacz deklarację „User::actualiseDescription”
C:\dev\iscom\iscom\iscom\Test.cpp(147,14): error C2440: "return": nie można konwertować z "bool" na "std::basic_string<char,std::char_traits<char>,std::allocator<char>>"
C:\dev\iscom\iscom\iscom\Test.cpp(147,14): message : Żaden konstruktor nie mógł przyjąć typu źródłowego lub rozpoznanie przeciążenia konstruktora było niejednoznaczne
C:\dev\iscom\iscom\iscom\Test.cpp(150,15): error C2440: "return": nie można konwertować z "bool" na "std::basic_string<char,std::char_traits<char>,std::allocator<char>>"
C:\dev\iscom\iscom\iscom\Test.cpp(150,15): message : Żaden konstruktor nie mógł przyjąć typu źródłowego lub rozpoznanie przeciążenia konstruktora było niejednoznaczne
C:\dev\iscom\iscom\iscom\Test.cpp(161,3): error C2065: "Uaer": niezadeklarowany identyfikator
C:\dev\iscom\iscom\iscom\Test.cpp(161,8): error C2146: błąd składniowy: brakuje „;” przed identyfikatorem „result”
C:\dev\iscom\iscom\iscom\Test.cpp(161,8): error C2065: "result": niezadeklarowany identyfikator
C:\dev\iscom\iscom\iscom\Test.cpp(162,19): error C2039: „getUser”: Nie jest składową „UserHandler”
C:\dev\iscom\iscom\iscom\UserHandler.h(5): message : zobacz deklarację „UserHandler”
C:\dev\iscom\iscom\iscom\Test.cpp(162,5): error C3861: "getUser": identyfikatora nie odnaleziono
C:\dev\iscom\iscom\iscom\Test.cpp(162,37): error C2065: "result": niezadeklarowany identyfikator
C:\dev\iscom\iscom\iscom\Test.cpp(163,14): error C2440: "return": nie można konwertować z "bool" na "std::basic_string<char,std::char_traits<char>,std::allocator<char>>"
C:\dev\iscom\iscom\iscom\Test.cpp(163,14): message : Żaden konstruktor nie mógł przyjąć typu źródłowego lub rozpoznanie przeciążenia konstruktora było niejednoznaczne
C:\dev\iscom\iscom\iscom\Test.cpp(166,15): error C2440: "return": nie można konwertować z "bool" na "std::basic_string<char,std::char_traits<char>,std::allocator<char>>"
C:\dev\iscom\iscom\iscom\Test.cpp(166,15): message : Żaden konstruktor nie mógł przyjąć typu źródłowego lub rozpoznanie przeciążenia konstruktora było niejednoznaczne
C:\dev\iscom\iscom\iscom\Test.cpp(173,19): error C2039: „removeUser”: Nie jest składową „UserHandler”
C:\dev\iscom\iscom\iscom\UserHandler.h(5): message : zobacz deklarację „UserHandler”
C:\dev\iscom\iscom\iscom\Test.cpp(173,5): error C3861: "removeUser": identyfikatora nie odnaleziono
C:\dev\iscom\iscom\iscom\Test.cpp(174,14): error C2440: "return": nie można konwertować z "bool" na "std::basic_string<char,std::char_traits<char>,std::allocator<char>>"
C:\dev\iscom\iscom\iscom\Test.cpp(174,14): message : Żaden konstruktor nie mógł przyjąć typu źródłowego lub rozpoznanie przeciążenia konstruktora było niejednoznaczne
C:\dev\iscom\iscom\iscom\Test.cpp(177,15): error C2440: "return": nie można konwertować z "bool" na "std::basic_string<char,std::char_traits<char>,std::allocator<char>>"
C:\dev\iscom\iscom\iscom\Test.cpp(177,15): message : Żaden konstruktor nie mógł przyjąć typu źródłowego lub rozpoznanie przeciążenia konstruktora było niejednoznaczne
C:\dev\iscom\iscom\iscom\Test.cpp(184,19): error C2039: „updateUser”: Nie jest składową „UserHandler”
C:\dev\iscom\iscom\iscom\UserHandler.h(5): message : zobacz deklarację „UserHandler”
C:\dev\iscom\iscom\iscom\Test.cpp(184,5): error C3861: "updateUser": identyfikatora nie odnaleziono
C:\dev\iscom\iscom\iscom\Test.cpp(185,14): error C2440: "return": nie można konwertować z "bool" na "std::basic_string<char,std::char_traits<char>,std::allocator<char>>"
C:\dev\iscom\iscom\iscom\Test.cpp(185,14): message : Żaden konstruktor nie mógł przyjąć typu źródłowego lub rozpoznanie przeciążenia konstruktora było niejednoznaczne
C:\dev\iscom\iscom\iscom\Test.cpp(188,15): error C2440: "return": nie można konwertować z "bool" na "std::basic_string<char,std::char_traits<char>,std::allocator<char>>"
C:\dev\iscom\iscom\iscom\Test.cpp(188,15): message : Żaden konstruktor nie mógł przyjąć typu źródłowego lub rozpoznanie przeciążenia konstruktora było niejednoznaczne
  User.cpp
C:\dev\iscom\iscom\iscom\User.cpp(4,1): error C2556: "Group User::createGroup(void)": przeciążona funkcja różni się tylko typem zwracanym od "std::string User::createGroup(void)"
C:\dev\iscom\iscom\iscom\User.h(12): message : zobacz deklarację „User::createGroup”
C:\dev\iscom\iscom\iscom\User.cpp(3,13): error C2371: "User::createGroup": zmiana definicji; różne typy podstawowe
C:\dev\iscom\iscom\iscom\User.h(12): message : zobacz deklarację „User::createGroup”
C:\dev\iscom\iscom\iscom\User.cpp(9,1): error C2556: "User User::addFriend(std::string)": przeciążona funkcja różni się tylko typem zwracanym od "std::string User::addFriend(std::string)"
C:\dev\iscom\iscom\iscom\User.h(13): message : zobacz deklarację „User::addFriend”
C:\dev\iscom\iscom\iscom\User.cpp(8,12): error C2371: "User::addFriend": zmiana definicji; różne typy podstawowe
C:\dev\iscom\iscom\iscom\User.h(13): message : zobacz deklarację „User::addFriend”
C:\dev\iscom\iscom\iscom\User.cpp(14,1): error C2556: "User User::removeFriend(std::string)": przeciążona funkcja różni się tylko typem zwracanym od "std::string User::removeFriend(std::string)"
C:\dev\iscom\iscom\iscom\User.h(14): message : zobacz deklarację „User::removeFriend”
C:\dev\iscom\iscom\iscom\User.cpp(13,12): error C2371: "User::removeFriend": zmiana definicji; różne typy podstawowe
C:\dev\iscom\iscom\iscom\User.h(14): message : zobacz deklarację „User::removeFriend”
C:\dev\iscom\iscom\iscom\User.cpp(19,1): error C2556: "bool User::actualiseDescription(std::string)": przeciążona funkcja różni się tylko typem zwracanym od "std::string User::actualiseDescription(std::string)"
C:\dev\iscom\iscom\iscom\User.h(15): message : zobacz deklarację „User::actualiseDescription”
C:\dev\iscom\iscom\iscom\User.cpp(18,12): error C2371: "User::actualiseDescription": zmiana definicji; różne typy podstawowe
C:\dev\iscom\iscom\iscom\User.h(15): message : zobacz deklarację „User::actualiseDescription”
  UserHandler.cpp
C:\dev\iscom\iscom\iscom\UserHandler.cpp(3,19): error C2039: „getUser”: Nie jest składową „UserHandler”
C:\dev\iscom\iscom\iscom\UserHandler.h(5): message : zobacz deklarację „UserHandler”
C:\dev\iscom\iscom\iscom\UserHandler.cpp(8,26): error C2039: „removeUser”: Nie jest składową „UserHandler”
C:\dev\iscom\iscom\iscom\UserHandler.h(5): message : zobacz deklarację „UserHandler”
C:\dev\iscom\iscom\iscom\UserHandler.cpp(13,19): error C2039: „updateUser”: Nie jest składową „UserHandler”
C:\dev\iscom\iscom\iscom\UserHandler.h(5): message : zobacz deklarację „UserHandler”
  Generowanie kodu...
